c:\users\razor\desktop\mario-ozawa-game - copy\marioozawa\debug\vc140.pdb
c:\users\razor\desktop\mario-ozawa-game - copy\marioozawa\debug\vc140.idb
c:\users\razor\desktop\mario-ozawa-game - copy\marioozawa\debug\changemapsence.obj
c:\users\razor\desktop\mario-ozawa-game - copy\marioozawa\debug\maploader.obj
c:\users\razor\desktop\mario-ozawa-game - copy\marioozawa\debug\mario.obj
c:\users\razor\desktop\mario-ozawa-game - copy\marioozawa\debug\menusence.obj
c:\users\razor\desktop\mario-ozawa-game - copy\marioozawa\debug\playsence.obj
c:\users\razor\desktop\mario-ozawa-game - copy\marioozawa\debug\resourcemanager.obj
c:\users\razor\desktop\mario-ozawa-game - copy\marioozawa\debug\optionsence.obj
c:\users\razor\desktop\mario-ozawa-game - copy\marioozawa\debug\zoomsence.obj
c:\users\razor\desktop\mario-ozawa-game - copy\marioozawa\debug\mariogame.obj
c:\users\razor\desktop\mario-ozawa-game - copy\marioozawa\debug\losegamesence.obj
c:\users\razor\desktop\mario-ozawa-game - copy\marioozawa\debug\camera.obj
c:\users\razor\desktop\mario-ozawa-game - copy\marioozawa\debug\collisiondata.obj
c:\users\razor\desktop\mario-ozawa-game - copy\marioozawa\debug\creditsence.obj
c:\users\razor\desktop\mario-ozawa-game - copy\marioozawa\debug\game.obj
c:\users\razor\desktop\mario-ozawa-game - copy\marioozawa\debug\gamesence.obj
c:\users\razor\desktop\mario-ozawa-game - copy\marioozawa\debug\introsence.obj
c:\users\razor\desktop\mario-ozawa-game - copy\marioozawa\debug\listcollisiondata.obj
c:\users\razor\desktop\mario-ozawa-game - copy\marioozawa\debug\marioinpipesence.obj
c:\users\razor\desktop\mario-ozawa-game - copy\marioozawa\debug\quadtreenode.obj
c:\users\razor\desktop\mario-ozawa-game - copy\marioozawa\debug\storysence.obj
c:\users\razor\desktop\mario-ozawa-game - copy\marioozawa\debug\main.obj
c:\users\razor\desktop\mario-ozawa-game - copy\marioozawa\debug\myobject.obj
c:\users\razor\desktop\mario-ozawa-game - copy\marioozawa\debug\quadtree.obj
c:\users\razor\desktop\mario-ozawa-game - copy\marioozawa\debug\dsutil.obj
c:\users\razor\desktop\mario-ozawa-game - copy\debug\marioozawa.ilk
c:\users\razor\desktop\mario-ozawa-game - copy\debug\marioozawa.exe
c:\users\razor\desktop\mario-ozawa-game - copy\debug\marioozawa.pdb
c:\users\razor\desktop\mario-ozawa-game - copy\marioozawa\debug\marioozawa.res
c:\users\razor\desktop\mario-ozawa-game - copy\marioozawa\debug\backgroundmanager.obj
c:\users\razor\desktop\mario-ozawa-game - copy\marioozawa\debug\global.obj
c:\users\razor\desktop\mario-ozawa-game - copy\marioozawa\debug\rect.obj
c:\users\razor\desktop\mario-ozawa-game - copy\marioozawa\debug\sounddev.obj
c:\users\razor\desktop\mario-ozawa-game - copy\marioozawa\debug\soundmanager.obj
c:\users\razor\desktop\mario-ozawa-game - copy\marioozawa\debug\sprite.obj
c:\users\razor\desktop\mario-ozawa-game - copy\marioozawa\debug\tilemap.obj
c:\users\razor\desktop\mario-ozawa-game - copy\marioozawa\debug\writer.obj
c:\users\razor\desktop\mario-ozawa-game - copy\marioozawa\debug\marioozawa.tlog\cl.command.1.tlog
c:\users\razor\desktop\mario-ozawa-game - copy\marioozawa\debug\marioozawa.tlog\cl.read.1.tlog
c:\users\razor\desktop\mario-ozawa-game - copy\marioozawa\debug\marioozawa.tlog\cl.write.1.tlog
c:\users\razor\desktop\mario-ozawa-game - copy\marioozawa\debug\marioozawa.tlog\link.command.1.tlog
c:\users\razor\desktop\mario-ozawa-game - copy\marioozawa\debug\marioozawa.tlog\link.read.1.tlog
c:\users\razor\desktop\mario-ozawa-game - copy\marioozawa\debug\marioozawa.tlog\link.write.1.tlog
c:\users\razor\desktop\mario-ozawa-game - copy\marioozawa\debug\marioozawa.tlog\rc.command.1.tlog
c:\users\razor\desktop\mario-ozawa-game - copy\marioozawa\debug\marioozawa.tlog\rc.read.1.tlog
c:\users\razor\desktop\mario-ozawa-game - copy\marioozawa\debug\marioozawa.tlog\rc.write.1.tlog
