c:\users\razor\desktop\mario-ozawa-game - copy\aladdin\debug\vc140.pdb
c:\users\razor\desktop\mario-ozawa-game - copy\aladdin\debug\vc140.idb
c:\users\razor\desktop\mario-ozawa-game - copy\aladdin\debug\losegamesence.obj
c:\users\razor\desktop\mario-ozawa-game - copy\aladdin\debug\main.obj
c:\users\razor\desktop\mario-ozawa-game - copy\aladdin\debug\maploader.obj
c:\users\razor\desktop\mario-ozawa-game - copy\aladdin\debug\mario.obj
c:\users\razor\desktop\mario-ozawa-game - copy\aladdin\debug\mariogame.obj
c:\users\razor\desktop\mario-ozawa-game - copy\aladdin\debug\menusence.obj
c:\users\razor\desktop\mario-ozawa-game - copy\aladdin\debug\myobject.obj
c:\users\razor\desktop\mario-ozawa-game - copy\aladdin\debug\optionsence.obj
c:\users\razor\desktop\mario-ozawa-game - copy\aladdin\debug\playsence.obj
c:\users\razor\desktop\mario-ozawa-game - copy\aladdin\debug\quadtree.obj
c:\users\razor\desktop\mario-ozawa-game - copy\aladdin\debug\quadtreenode.obj
c:\users\razor\desktop\mario-ozawa-game - copy\aladdin\debug\rect.obj
c:\users\razor\desktop\mario-ozawa-game - copy\aladdin\debug\resourcemanager.obj
c:\users\razor\desktop\mario-ozawa-game - copy\aladdin\debug\sounddev.obj
c:\users\razor\desktop\mario-ozawa-game - copy\aladdin\debug\soundmanager.obj
c:\users\razor\desktop\mario-ozawa-game - copy\aladdin\debug\sprite.obj
c:\users\razor\desktop\mario-ozawa-game - copy\aladdin\debug\storysence.obj
c:\users\razor\desktop\mario-ozawa-game - copy\aladdin\debug\tilemap.obj
c:\users\razor\desktop\mario-ozawa-game - copy\aladdin\debug\writer.obj
c:\users\razor\desktop\mario-ozawa-game - copy\aladdin\debug\zoomsence.obj
c:\users\razor\desktop\mario-ozawa-game - copy\aladdin\debug\backgroundmanager.obj
c:\users\razor\desktop\mario-ozawa-game - copy\aladdin\debug\camera.obj
c:\users\razor\desktop\mario-ozawa-game - copy\aladdin\debug\changemapsence.obj
c:\users\razor\desktop\mario-ozawa-game - copy\aladdin\debug\collisiondata.obj
c:\users\razor\desktop\mario-ozawa-game - copy\aladdin\debug\creditsence.obj
c:\users\razor\desktop\mario-ozawa-game - copy\aladdin\debug\dsutil.obj
c:\users\razor\desktop\mario-ozawa-game - copy\aladdin\debug\game.obj
c:\users\razor\desktop\mario-ozawa-game - copy\aladdin\debug\gamesence.obj
c:\users\razor\desktop\mario-ozawa-game - copy\aladdin\debug\global.obj
c:\users\razor\desktop\mario-ozawa-game - copy\aladdin\debug\introsence.obj
c:\users\razor\desktop\mario-ozawa-game - copy\aladdin\debug\listcollisiondata.obj
c:\users\razor\desktop\game\aladdin\debug\vc140.pdb
c:\users\razor\desktop\game\aladdin\debug\vc140.idb
c:\users\razor\desktop\game\aladdin\debug\losegamesence.obj
c:\users\razor\desktop\game\aladdin\debug\main.obj
c:\users\razor\desktop\game\aladdin\debug\maploader.obj
c:\users\razor\desktop\game\aladdin\debug\mario.obj
c:\users\razor\desktop\game\aladdin\debug\mariogame.obj
c:\users\razor\desktop\game\aladdin\debug\menusence.obj
c:\users\razor\desktop\game\aladdin\debug\myobject.obj
c:\users\razor\desktop\game\aladdin\debug\optionsence.obj
c:\users\razor\desktop\game\aladdin\debug\playsence.obj
c:\users\razor\desktop\game\aladdin\debug\quadtree.obj
c:\users\razor\desktop\game\aladdin\debug\quadtreenode.obj
c:\users\razor\desktop\game\aladdin\debug\rect.obj
c:\users\razor\desktop\game\aladdin\debug\resourcemanager.obj
c:\users\razor\desktop\game\aladdin\debug\sounddev.obj
c:\users\razor\desktop\game\aladdin\debug\soundmanager.obj
c:\users\razor\desktop\game\aladdin\debug\sprite.obj
c:\users\razor\desktop\game\aladdin\debug\storysence.obj
c:\users\razor\desktop\game\aladdin\debug\tilemap.obj
c:\users\razor\desktop\game\aladdin\debug\writer.obj
c:\users\razor\desktop\game\aladdin\debug\zoomsence.obj
c:\users\razor\desktop\game\aladdin\debug\backgroundmanager.obj
c:\users\razor\desktop\game\aladdin\debug\camera.obj
c:\users\razor\desktop\game\aladdin\debug\changemapsence.obj
c:\users\razor\desktop\game\aladdin\debug\collisiondata.obj
c:\users\razor\desktop\game\aladdin\debug\creditsence.obj
c:\users\razor\desktop\game\aladdin\debug\dsutil.obj
c:\users\razor\desktop\game\aladdin\debug\game.obj
c:\users\razor\desktop\game\aladdin\debug\gamesence.obj
c:\users\razor\desktop\game\aladdin\debug\global.obj
c:\users\razor\desktop\game\aladdin\debug\introsence.obj
c:\users\razor\desktop\game\aladdin\debug\listcollisiondata.obj
c:\users\razor\desktop\game\aladdin\debug\aladdin.obj
c:\users\razor\desktop\game\aladdin\debug\aladdingame.obj
c:\users\razor\desktop\game\aladdin\debug\collision.obj
c:\users\razor\desktop\game\aladdin\debug\fatswordguard.obj
c:\users\razor\desktop\game\aladdin\debug\genie.obj
c:\users\razor\desktop\game\aladdin\debug\peddler.obj
c:\users\razor\desktop\game\aladdin\debug\personboss.obj
c:\users\razor\desktop\game\aladdin\debug\pot.obj
c:\users\razor\desktop\game\aladdin\debug\snakeboss.obj
c:\users\razor\desktop\game\aladdin\debug\thinswordguard.obj
c:\users\razor\desktop\game\aladdin\debug\throwguard.obj
c:\users\razor\desktop\game\aladdin\debug\bottleenemy.obj
c:\users\razor\desktop\game\aladdin\debug\camel.obj
c:\users\razor\desktop\game\aladdin\debug\civilianenemi.obj
c:\users\razor\desktop\game\aladdin\debug\bottle.obj
c:\users\razor\desktop\game\aladdin\debug\boss.obj
c:\users\razor\desktop\game\aladdin\debug\enemy.obj
c:\users\razor\desktop\game\aladdin\debug\nonplayablecharacters.obj
c:\users\razor\desktop\game\aladdin\debug\swordguard.obj
c:\users\razor\desktop\game\aladdin\debug\apple.obj
c:\users\razor\desktop\game\aladdin\debug\basketcivilian.obj
c:\users\razor\desktop\game\aladdin\debug\bouncer.obj
c:\users\razor\desktop\game\aladdin\debug\burningground.obj
c:\users\razor\desktop\game\aladdin\debug\fallingground.obj
c:\users\razor\desktop\game\aladdin\debug\ground.obj
c:\users\razor\desktop\game\aladdin\debug\hanger.obj
c:\users\razor\desktop\game\aladdin\debug\item.obj
c:\users\razor\desktop\game\aladdin\debug\knife.obj
c:\users\razor\desktop\game\aladdin\debug\jafar.obj
c:\users\razor\desktop\game\aladdin\debug\rope.obj
c:\users\razor\desktop\game\aladdin\debug\stair.obj
c:\users\razor\desktop\game\aladdin\debug\sword.obj
c:\users\razor\desktop\game\aladdin\debug\terrain.obj
c:\users\razor\desktop\game\aladdin\debug\throwcivilian.obj
c:\users\razor\desktop\game\aladdin\debug\weapon.obj
c:\users\razor\desktop\game\aladdin\debug\fire.obj
c:\users\razor\desktop\mario-ozawa-game - copy\debug\aladdin.ilk
c:\users\razor\desktop\mario-ozawa-game - copy\debug\aladdin.exe
c:\users\razor\desktop\mario-ozawa-game - copy\debug\aladdin.pdb
c:\users\razor\desktop\game\debug\aladdin.ilk
c:\users\razor\desktop\game\debug\aladdin.exe
c:\users\razor\desktop\game\debug\aladdin.pdb
c:\users\razor\desktop\game\aladdin\debug\aladdin.tlog\cl.command.1.tlog
c:\users\razor\desktop\game\aladdin\debug\aladdin.tlog\cl.read.1.tlog
c:\users\razor\desktop\game\aladdin\debug\aladdin.tlog\cl.write.1.tlog
c:\users\razor\desktop\game\aladdin\debug\aladdin.tlog\link.command.1.tlog
c:\users\razor\desktop\game\aladdin\debug\aladdin.tlog\link.read.1.tlog
c:\users\razor\desktop\game\aladdin\debug\aladdin.tlog\link.write.1.tlog
