C:\Program Files (x86)\MSBuild\Microsoft.Cpp\v4.0\V140\Microsoft.CppBuild.targets(392,5): warning MSB8028: The intermediate directory (Debug\) contains files shared from another project (MarioOzawa.vcxproj).  This can lead to incorrect clean and rebuild behavior.
  ZoomSence.cpp
  c:\users\razor\desktop\mario-ozawa-game - copy\include\dinput.h: DIRECTINPUT_VERSION undefined. Defaulting to version 0x0800
c:\users\razor\desktop\mario-ozawa-game - copy\aladdin\texture.h(49): warning C4838: conversion from 'UINT' to 'LONG' requires a narrowing conversion
c:\users\razor\desktop\mario-ozawa-game - copy\aladdin\zoomsence.cpp(49): warning C4244: 'initializing': conversion from 'double' to 'float', possible loss of data
c:\users\razor\desktop\mario-ozawa-game - copy\aladdin\zoomsence.cpp(50): warning C4244: 'initializing': conversion from 'double' to 'float', possible loss of data
c:\users\razor\desktop\mario-ozawa-game - copy\aladdin\zoomsence.cpp(52): warning C4838: conversion from 'float' to 'LONG' requires a narrowing conversion
c:\users\razor\desktop\mario-ozawa-game - copy\aladdin\zoomsence.cpp(52): warning C4244: 'initializing': conversion from 'float' to 'LONG', possible loss of data
c:\users\razor\desktop\mario-ozawa-game - copy\aladdin\zoomsence.cpp(55): warning C4838: conversion from 'float' to 'LONG' requires a narrowing conversion
c:\users\razor\desktop\mario-ozawa-game - copy\aladdin\zoomsence.cpp(55): warning C4244: 'initializing': conversion from 'float' to 'LONG', possible loss of data
c:\users\razor\desktop\mario-ozawa-game - copy\aladdin\zoomsence.cpp(58): warning C4838: conversion from 'float' to 'LONG' requires a narrowing conversion
c:\users\razor\desktop\mario-ozawa-game - copy\aladdin\zoomsence.cpp(58): warning C4244: 'initializing': conversion from 'float' to 'LONG', possible loss of data
c:\users\razor\desktop\mario-ozawa-game - copy\aladdin\zoomsence.cpp(61): warning C4838: conversion from 'float' to 'LONG' requires a narrowing conversion
c:\users\razor\desktop\mario-ozawa-game - copy\aladdin\zoomsence.cpp(61): warning C4244: 'initializing': conversion from 'float' to 'LONG', possible loss of data
c:\users\razor\desktop\mario-ozawa-game - copy\aladdin\zoomsence.cpp(66): warning C4244: 'argument': conversion from 'double' to 'FLOAT', possible loss of data
  Writer.cpp
  c:\users\razor\desktop\mario-ozawa-game - copy\include\dinput.h: DIRECTINPUT_VERSION undefined. Defaulting to version 0x0800
c:\users\razor\desktop\mario-ozawa-game - copy\aladdin\texture.h(49): warning C4838: conversion from 'UINT' to 'LONG' requires a narrowing conversion
c:\users\razor\desktop\mario-ozawa-game - copy\aladdin\writer.cpp(19): warning C4244: 'argument': conversion from 'float' to 'int', possible loss of data
c:\users\razor\desktop\mario-ozawa-game - copy\aladdin\writer.cpp(45): warning C4244: 'argument': conversion from 'float' to 'int', possible loss of data
c:\users\razor\desktop\mario-ozawa-game - copy\aladdin\writer.cpp(46): warning C4244: '+=': conversion from 'float' to 'int', possible loss of data
c:\users\razor\desktop\mario-ozawa-game - copy\aladdin\writer.cpp(50): warning C4244: 'argument': conversion from 'float' to 'int', possible loss of data
c:\users\razor\desktop\mario-ozawa-game - copy\aladdin\writer.cpp(51): warning C4244: '+=': conversion from 'float' to 'int', possible loss of data
  TileMap.cpp
  c:\users\razor\desktop\mario-ozawa-game - copy\include\dinput.h: DIRECTINPUT_VERSION undefined. Defaulting to version 0x0800
  StorySence.cpp
  c:\users\razor\desktop\mario-ozawa-game - copy\include\dinput.h: DIRECTINPUT_VERSION undefined. Defaulting to version 0x0800
c:\users\razor\desktop\mario-ozawa-game - copy\aladdin\texture.h(49): warning C4838: conversion from 'UINT' to 'LONG' requires a narrowing conversion
  Sprite.cpp
  c:\users\razor\desktop\mario-ozawa-game - copy\include\dinput.h: DIRECTINPUT_VERSION undefined. Defaulting to version 0x0800
c:\users\razor\desktop\mario-ozawa-game - copy\aladdin\texture.h(49): warning C4838: conversion from 'UINT' to 'LONG' requires a narrowing conversion
c:\users\razor\desktop\mario-ozawa-game - copy\aladdin\sprite.cpp(89): warning C4244: 'argument': conversion from 'int' to 'FLOAT', possible loss of data
c:\users\razor\desktop\mario-ozawa-game - copy\aladdin\sprite.cpp(129): warning C4244: 'argument': conversion from 'int' to 'FLOAT', possible loss of data
c:\users\razor\desktop\mario-ozawa-game - copy\aladdin\sprite.cpp(148): warning C4244: 'argument': conversion from 'int' to 'FLOAT', possible loss of data
  SoundManager.cpp
  c:\users\razor\desktop\mario-ozawa-game - copy\include\dinput.h: DIRECTINPUT_VERSION undefined. Defaulting to version 0x0800
c:\users\razor\desktop\mario-ozawa-game - copy\aladdin\soundmanager.cpp(88): warning C4996: 'sprintf': This function or variable may be unsafe. Consider using sprintf_s instead. To disable deprecation, use _CRT_SECURE_NO_WARNINGS. See online help for details.
  c:\program files (x86)\windows kits\10\include\10.0.10240.0\ucrt\stdio.h(1769): note: see declaration of 'sprintf'
c:\users\razor\desktop\mario-ozawa-game - copy\aladdin\soundmanager.cpp(123): warning C4996: 'sprintf': This function or variable may be unsafe. Consider using sprintf_s instead. To disable deprecation, use _CRT_SECURE_NO_WARNINGS. See online help for details.
  c:\program files (x86)\windows kits\10\include\10.0.10240.0\ucrt\stdio.h(1769): note: see declaration of 'sprintf'
c:\users\razor\desktop\mario-ozawa-game - copy\aladdin\soundmanager.cpp(141): warning C4996: 'sprintf': This function or variable may be unsafe. Consider using sprintf_s instead. To disable deprecation, use _CRT_SECURE_NO_WARNINGS. See online help for details.
  c:\program files (x86)\windows kits\10\include\10.0.10240.0\ucrt\stdio.h(1769): note: see declaration of 'sprintf'
c:\users\razor\desktop\mario-ozawa-game - copy\aladdin\soundmanager.cpp(159): warning C4996: 'sprintf': This function or variable may be unsafe. Consider using sprintf_s instead. To disable deprecation, use _CRT_SECURE_NO_WARNINGS. See online help for details.
  c:\program files (x86)\windows kits\10\include\10.0.10240.0\ucrt\stdio.h(1769): note: see declaration of 'sprintf'
  SoundDev.cpp
  ResourceManager.cpp
  c:\users\razor\desktop\mario-ozawa-game - copy\include\dinput.h: DIRECTINPUT_VERSION undefined. Defaulting to version 0x0800
c:\users\razor\desktop\mario-ozawa-game - copy\aladdin\texture.h(49): warning C4838: conversion from 'UINT' to 'LONG' requires a narrowing conversion
c:\users\razor\desktop\mario-ozawa-game - copy\aladdin\resourcemanager.cpp(60): warning C4996: 'sprintf': This function or variable may be unsafe. Consider using sprintf_s instead. To disable deprecation, use _CRT_SECURE_NO_WARNINGS. See online help for details.
  c:\program files (x86)\windows kits\10\include\10.0.10240.0\ucrt\stdio.h(1769): note: see declaration of 'sprintf'
c:\users\razor\desktop\mario-ozawa-game - copy\aladdin\resourcemanager.cpp(77): warning C4996: 'sprintf': This function or variable may be unsafe. Consider using sprintf_s instead. To disable deprecation, use _CRT_SECURE_NO_WARNINGS. See online help for details.
  c:\program files (x86)\windows kits\10\include\10.0.10240.0\ucrt\stdio.h(1769): note: see declaration of 'sprintf'
c:\users\razor\desktop\mario-ozawa-game - copy\aladdin\resourcemanager.cpp(109): warning C4996: 'sprintf': This function or variable may be unsafe. Consider using sprintf_s instead. To disable deprecation, use _CRT_SECURE_NO_WARNINGS. See online help for details.
  c:\program files (x86)\windows kits\10\include\10.0.10240.0\ucrt\stdio.h(1769): note: see declaration of 'sprintf'
c:\users\razor\desktop\mario-ozawa-game - copy\aladdin\resourcemanager.cpp(128): warning C4996: 'sprintf': This function or variable may be unsafe. Consider using sprintf_s instead. To disable deprecation, use _CRT_SECURE_NO_WARNINGS. See online help for details.
  c:\program files (x86)\windows kits\10\include\10.0.10240.0\ucrt\stdio.h(1769): note: see declaration of 'sprintf'
  RECT.cpp
c:\users\razor\desktop\mario-ozawa-game - copy\aladdin\rect.cpp(15): warning C4244: '=': conversion from 'LONG' to 'float', possible loss of data
c:\users\razor\desktop\mario-ozawa-game - copy\aladdin\rect.cpp(16): warning C4244: '=': conversion from 'LONG' to 'float', possible loss of data
c:\users\razor\desktop\mario-ozawa-game - copy\aladdin\rect.cpp(17): warning C4244: '=': conversion from 'LONG' to 'float', possible loss of data
c:\users\razor\desktop\mario-ozawa-game - copy\aladdin\rect.cpp(18): warning C4244: '=': conversion from 'LONG' to 'float', possible loss of data
c:\users\razor\desktop\mario-ozawa-game - copy\aladdin\rect.cpp(36): warning C4838: conversion from 'float' to 'LONG' requires a narrowing conversion
c:\users\razor\desktop\mario-ozawa-game - copy\aladdin\rect.cpp(36): warning C4244: 'initializing': conversion from 'float' to 'LONG', possible loss of data
c:\users\razor\desktop\mario-ozawa-game - copy\aladdin\rect.cpp(48): warning C4244: 'initializing': conversion from 'double' to 'float', possible loss of data
c:\users\razor\desktop\mario-ozawa-game - copy\aladdin\rect.cpp(49): warning C4244: 'initializing': conversion from 'double' to 'float', possible loss of data
  QuadTreeNode.cpp
  QuadTree.cpp
  c:\users\razor\desktop\mario-ozawa-game - copy\include\dinput.h: DIRECTINPUT_VERSION undefined. Defaulting to version 0x0800
c:\users\razor\desktop\mario-ozawa-game - copy\aladdin\texture.h(49): warning C4838: conversion from 'UINT' to 'LONG' requires a narrowing conversion
c:\users\razor\desktop\mario-ozawa-game - copy\aladdin\quadtree.h(13): warning C4005: 'MAX_OBJ_ID': macro redefinition
  c:\users\razor\desktop\mario-ozawa-game - copy\aladdin\global.h(32): note: see previous definition of 'MAX_OBJ_ID'
c:\users\razor\desktop\mario-ozawa-game - copy\aladdin\quadtree.cpp(43): warning C4244: '=': conversion from 'int' to 'float', possible loss of data
c:\users\razor\desktop\mario-ozawa-game - copy\aladdin\quadtree.cpp(53): warning C4244: '=': conversion from 'int' to 'float', possible loss of data
  PlaySence.cpp
  c:\users\razor\desktop\mario-ozawa-game - copy\include\dinput.h: DIRECTINPUT_VERSION undefined. Defaulting to version 0x0800
c:\users\razor\desktop\mario-ozawa-game - copy\aladdin\texture.h(49): warning C4838: conversion from 'UINT' to 'LONG' requires a narrowing conversion
c:\users\razor\desktop\mario-ozawa-game - copy\aladdin\quadtree.h(13): warning C4005: 'MAX_OBJ_ID': macro redefinition
  c:\users\razor\desktop\mario-ozawa-game - copy\aladdin\global.h(32): note: see previous definition of 'MAX_OBJ_ID'
c:\users\razor\desktop\mario-ozawa-game - copy\aladdin\playsence.h(14): warning C4005: 'TIME_FOR_LEVEL': macro redefinition
  c:\users\razor\desktop\mario-ozawa-game - copy\aladdin\maploader.h(12): note: see previous definition of 'TIME_FOR_LEVEL'
c:\users\razor\desktop\mario-ozawa-game - copy\aladdin\playsence.cpp(52): warning C4244: 'argument': conversion from 'int' to 'float', possible loss of data
c:\users\razor\desktop\mario-ozawa-game - copy\aladdin\playsence.cpp(168): warning C4244: '=': conversion from 'float' to 'LONG', possible loss of data
c:\users\razor\desktop\mario-ozawa-game - copy\aladdin\playsence.cpp(212): warning C4996: 'sprintf': This function or variable may be unsafe. Consider using sprintf_s instead. To disable deprecation, use _CRT_SECURE_NO_WARNINGS. See online help for details.
  c:\program files (x86)\windows kits\10\include\10.0.10240.0\ucrt\stdio.h(1769): note: see declaration of 'sprintf'
c:\users\razor\desktop\mario-ozawa-game - copy\aladdin\playsence.cpp(218): warning C4996: 'sprintf': This function or variable may be unsafe. Consider using sprintf_s instead. To disable deprecation, use _CRT_SECURE_NO_WARNINGS. See online help for details.
  c:\program files (x86)\windows kits\10\include\10.0.10240.0\ucrt\stdio.h(1769): note: see declaration of 'sprintf'
c:\users\razor\desktop\mario-ozawa-game - copy\aladdin\playsence.cpp(225): warning C4996: 'sprintf': This function or variable may be unsafe. Consider using sprintf_s instead. To disable deprecation, use _CRT_SECURE_NO_WARNINGS. See online help for details.
  c:\program files (x86)\windows kits\10\include\10.0.10240.0\ucrt\stdio.h(1769): note: see declaration of 'sprintf'
c:\users\razor\desktop\mario-ozawa-game - copy\aladdin\playsence.cpp(288): warning C4244: 'argument': conversion from 'int' to 'float', possible loss of data
  OptionSence.cpp
  c:\users\razor\desktop\mario-ozawa-game - copy\include\dinput.h: DIRECTINPUT_VERSION undefined. Defaulting to version 0x0800
c:\users\razor\desktop\mario-ozawa-game - copy\aladdin\texture.h(49): warning C4838: conversion from 'UINT' to 'LONG' requires a narrowing conversion
c:\users\razor\desktop\mario-ozawa-game - copy\aladdin\optionsence.cpp(124): warning C4244: '=': conversion from 'float' to 'LONG', possible loss of data
  MyObject.cpp
  c:\users\razor\desktop\mario-ozawa-game - copy\include\dinput.h: DIRECTINPUT_VERSION undefined. Defaulting to version 0x0800
c:\users\razor\desktop\mario-ozawa-game - copy\aladdin\texture.h(49): warning C4838: conversion from 'UINT' to 'LONG' requires a narrowing conversion
  MenuSence.cpp
  c:\users\razor\desktop\mario-ozawa-game - copy\include\dinput.h: DIRECTINPUT_VERSION undefined. Defaulting to version 0x0800
c:\users\razor\desktop\mario-ozawa-game - copy\aladdin\texture.h(49): warning C4838: conversion from 'UINT' to 'LONG' requires a narrowing conversion
c:\users\razor\desktop\mario-ozawa-game - copy\aladdin\quadtree.h(13): warning C4005: 'MAX_OBJ_ID': macro redefinition
  c:\users\razor\desktop\mario-ozawa-game - copy\aladdin\global.h(32): note: see previous definition of 'MAX_OBJ_ID'
c:\users\razor\desktop\mario-ozawa-game - copy\aladdin\playsence.h(14): warning C4005: 'TIME_FOR_LEVEL': macro redefinition
  c:\users\razor\desktop\mario-ozawa-game - copy\aladdin\maploader.h(12): note: see previous definition of 'TIME_FOR_LEVEL'
c:\users\razor\desktop\mario-ozawa-game - copy\aladdin\menusence.cpp(80): warning C4244: '=': conversion from 'float' to 'LONG', possible loss of data
  MarioGame.cpp
  c:\users\razor\desktop\mario-ozawa-game - copy\include\dinput.h: DIRECTINPUT_VERSION undefined. Defaulting to version 0x0800
c:\users\razor\desktop\mario-ozawa-game - copy\aladdin\texture.h(49): warning C4838: conversion from 'UINT' to 'LONG' requires a narrowing conversion
c:\users\razor\desktop\mario-ozawa-game - copy\aladdin\quadtree.h(13): warning C4005: 'MAX_OBJ_ID': macro redefinition
  c:\users\razor\desktop\mario-ozawa-game - copy\aladdin\global.h(32): note: see previous definition of 'MAX_OBJ_ID'
c:\users\razor\desktop\mario-ozawa-game - copy\aladdin\playsence.h(14): warning C4005: 'TIME_FOR_LEVEL': macro redefinition
  c:\users\razor\desktop\mario-ozawa-game - copy\aladdin\maploader.h(12): note: see previous definition of 'TIME_FOR_LEVEL'
c:\users\razor\desktop\mario-ozawa-game - copy\aladdin\mariogame.cpp(56): warning C4996: 'localtime': This function or variable may be unsafe. Consider using localtime_s instead. To disable deprecation, use _CRT_SECURE_NO_WARNINGS. See online help for details.
  c:\program files (x86)\windows kits\10\include\10.0.10240.0\ucrt\time.h(505): note: see declaration of 'localtime'
c:\users\razor\desktop\mario-ozawa-game - copy\aladdin\mariogame.cpp(57): warning C4996: 'sprintf': This function or variable may be unsafe. Consider using sprintf_s instead. To disable deprecation, use _CRT_SECURE_NO_WARNINGS. See online help for details.
  c:\program files (x86)\windows kits\10\include\10.0.10240.0\ucrt\stdio.h(1769): note: see declaration of 'sprintf'
c:\users\razor\desktop\mario-ozawa-game - copy\aladdin\mariogame.cpp(61): warning C4996: 'sprintf': This function or variable may be unsafe. Consider using sprintf_s instead. To disable deprecation, use _CRT_SECURE_NO_WARNINGS. See online help for details.
  c:\program files (x86)\windows kits\10\include\10.0.10240.0\ucrt\stdio.h(1769): note: see declaration of 'sprintf'
c:\users\razor\desktop\mario-ozawa-game - copy\aladdin\mariogame.cpp(65): warning C4996: 'sprintf': This function or variable may be unsafe. Consider using sprintf_s instead. To disable deprecation, use _CRT_SECURE_NO_WARNINGS. See online help for details.
  c:\program files (x86)\windows kits\10\include\10.0.10240.0\ucrt\stdio.h(1769): note: see declaration of 'sprintf'
c:\users\razor\desktop\mario-ozawa-game - copy\aladdin\mariogame.cpp(81): warning C4996: 'sprintf': This function or variable may be unsafe. Consider using sprintf_s instead. To disable deprecation, use _CRT_SECURE_NO_WARNINGS. See online help for details.
  c:\program files (x86)\windows kits\10\include\10.0.10240.0\ucrt\stdio.h(1769): note: see declaration of 'sprintf'
  Mario.cpp
  c:\users\razor\desktop\mario-ozawa-game - copy\include\dinput.h: DIRECTINPUT_VERSION undefined. Defaulting to version 0x0800
c:\users\razor\desktop\mario-ozawa-game - copy\aladdin\texture.h(49): warning C4838: conversion from 'UINT' to 'LONG' requires a narrowing conversion
c:\users\razor\desktop\mario-ozawa-game - copy\aladdin\quadtree.h(13): warning C4005: 'MAX_OBJ_ID': macro redefinition
  c:\users\razor\desktop\mario-ozawa-game - copy\aladdin\global.h(32): note: see previous definition of 'MAX_OBJ_ID'
c:\users\razor\desktop\mario-ozawa-game - copy\aladdin\mario.cpp(18): warning C4244: '=': conversion from 'float' to 'int', possible loss of data
c:\users\razor\desktop\mario-ozawa-game - copy\aladdin\mario.cpp(19): warning C4244: '=': conversion from 'float' to 'int', possible loss of data
c:\users\razor\desktop\mario-ozawa-game - copy\aladdin\mario.cpp(22): warning C4244: '=': conversion from 'float' to 'int', possible loss of data
  MapLoader.cpp
  c:\users\razor\desktop\mario-ozawa-game - copy\include\dinput.h: DIRECTINPUT_VERSION undefined. Defaulting to version 0x0800
c:\users\razor\desktop\mario-ozawa-game - copy\aladdin\texture.h(49): warning C4838: conversion from 'UINT' to 'LONG' requires a narrowing conversion
c:\users\razor\desktop\mario-ozawa-game - copy\aladdin\quadtree.h(13): warning C4005: 'MAX_OBJ_ID': macro redefinition
  c:\users\razor\desktop\mario-ozawa-game - copy\aladdin\global.h(32): note: see previous definition of 'MAX_OBJ_ID'
c:\users\razor\desktop\mario-ozawa-game - copy\aladdin\maploader.cpp(170): warning C4018: '<': signed/unsigned mismatch
c:\users\razor\desktop\mario-ozawa-game - copy\aladdin\maploader.cpp(172): warning C4018: '<': signed/unsigned mismatch
c:\users\razor\desktop\mario-ozawa-game - copy\aladdin\maploader.cpp(62): warning C4996: 'sprintf': This function or variable may be unsafe. Consider using sprintf_s instead. To disable deprecation, use _CRT_SECURE_NO_WARNINGS. See online help for details.
  c:\program files (x86)\windows kits\10\include\10.0.10240.0\ucrt\stdio.h(1769): note: see declaration of 'sprintf'
c:\users\razor\desktop\mario-ozawa-game - copy\aladdin\maploader.cpp(266): warning C4244: '=': conversion from 'int' to 'float', possible loss of data
c:\users\razor\desktop\mario-ozawa-game - copy\aladdin\maploader.cpp(267): warning C4244: '=': conversion from 'int' to 'float', possible loss of data
  main.cpp
  c:\users\razor\desktop\mario-ozawa-game - copy\include\dinput.h: DIRECTINPUT_VERSION undefined. Defaulting to version 0x0800
c:\users\razor\desktop\mario-ozawa-game - copy\aladdin\texture.h(49): warning C4838: conversion from 'UINT' to 'LONG' requires a narrowing conversion
  LoseGameSence.cpp
  c:\users\razor\desktop\mario-ozawa-game - copy\include\dinput.h: DIRECTINPUT_VERSION undefined. Defaulting to version 0x0800
c:\users\razor\desktop\mario-ozawa-game - copy\aladdin\texture.h(49): warning C4838: conversion from 'UINT' to 'LONG' requires a narrowing conversion
c:\users\razor\desktop\mario-ozawa-game - copy\aladdin\quadtree.h(13): warning C4005: 'MAX_OBJ_ID': macro redefinition
  c:\users\razor\desktop\mario-ozawa-game - copy\aladdin\global.h(32): note: see previous definition of 'MAX_OBJ_ID'
c:\users\razor\desktop\mario-ozawa-game - copy\aladdin\playsence.h(14): warning C4005: 'TIME_FOR_LEVEL': macro redefinition
  c:\users\razor\desktop\mario-ozawa-game - copy\aladdin\maploader.h(12): note: see previous definition of 'TIME_FOR_LEVEL'
  Generating Code...
  Compiling...
  ListCollisionData.cpp
  IntroSence.cpp
  c:\users\razor\desktop\mario-ozawa-game - copy\include\dinput.h: DIRECTINPUT_VERSION undefined. Defaulting to version 0x0800
c:\users\razor\desktop\mario-ozawa-game - copy\aladdin\texture.h(49): warning C4838: conversion from 'UINT' to 'LONG' requires a narrowing conversion
  Global.cpp
  c:\users\razor\desktop\mario-ozawa-game - copy\include\dinput.h: DIRECTINPUT_VERSION undefined. Defaulting to version 0x0800
  GameSence.cpp
  c:\users\razor\desktop\mario-ozawa-game - copy\include\dinput.h: DIRECTINPUT_VERSION undefined. Defaulting to version 0x0800
c:\users\razor\desktop\mario-ozawa-game - copy\aladdin\texture.h(49): warning C4838: conversion from 'UINT' to 'LONG' requires a narrowing conversion
c:\users\razor\desktop\mario-ozawa-game - copy\aladdin\gamesence.cpp(7): warning C4244: '=': conversion from 'int' to 'float', possible loss of data
c:\users\razor\desktop\mario-ozawa-game - copy\aladdin\gamesence.cpp(8): warning C4244: '=': conversion from 'double' to 'float', possible loss of data
  Game.cpp
  c:\users\razor\desktop\mario-ozawa-game - copy\include\dinput.h: DIRECTINPUT_VERSION undefined. Defaulting to version 0x0800
c:\users\razor\desktop\mario-ozawa-game - copy\aladdin\texture.h(49): warning C4838: conversion from 'UINT' to 'LONG' requires a narrowing conversion
c:\users\razor\desktop\mario-ozawa-game - copy\aladdin\game.cpp(440): warning C4800: 'int': forcing value to bool 'true' or 'false' (performance warning)
c:\users\razor\desktop\mario-ozawa-game - copy\aladdin\game.cpp(539): warning C4244: 'return': conversion from 'DWORD' to 'float', possible loss of data
  dsutil.cpp
  CreditSence.cpp
  c:\users\razor\desktop\mario-ozawa-game - copy\include\dinput.h: DIRECTINPUT_VERSION undefined. Defaulting to version 0x0800
c:\users\razor\desktop\mario-ozawa-game - copy\aladdin\texture.h(49): warning C4838: conversion from 'UINT' to 'LONG' requires a narrowing conversion
c:\users\razor\desktop\mario-ozawa-game - copy\aladdin\creditsence.cpp(54): warning C4244: '=': conversion from 'float' to 'LONG', possible loss of data
  CollisionData.cpp
  ChangeMapSence.cpp
  c:\users\razor\desktop\mario-ozawa-game - copy\include\dinput.h: DIRECTINPUT_VERSION undefined. Defaulting to version 0x0800
c:\users\razor\desktop\mario-ozawa-game - copy\aladdin\texture.h(49): warning C4838: conversion from 'UINT' to 'LONG' requires a narrowing conversion
c:\users\razor\desktop\mario-ozawa-game - copy\aladdin\changemapsence.cpp(113): warning C4244: 'argument': conversion from 'float' to 'int', possible loss of data
c:\users\razor\desktop\mario-ozawa-game - copy\aladdin\changemapsence.cpp(120): warning C4244: 'initializing': conversion from 'double' to 'float', possible loss of data
c:\users\razor\desktop\mario-ozawa-game - copy\aladdin\changemapsence.cpp(124): warning C4244: 'initializing': conversion from 'int' to 'float', possible loss of data
c:\users\razor\desktop\mario-ozawa-game - copy\aladdin\changemapsence.cpp(125): warning C4244: 'initializing': conversion from 'int' to 'float', possible loss of data
c:\users\razor\desktop\mario-ozawa-game - copy\aladdin\changemapsence.cpp(130): warning C4244: 'argument': conversion from 'float' to 'int', possible loss of data
  Camera.cpp
  c:\users\razor\desktop\mario-ozawa-game - copy\include\dinput.h: DIRECTINPUT_VERSION undefined. Defaulting to version 0x0800
c:\users\razor\desktop\mario-ozawa-game - copy\aladdin\camera.cpp(18): warning C4244: 'initializing': conversion from 'int' to 'float', possible loss of data
c:\users\razor\desktop\mario-ozawa-game - copy\aladdin\camera.cpp(19): warning C4244: 'initializing': conversion from 'int' to 'float', possible loss of data
c:\users\razor\desktop\mario-ozawa-game - copy\aladdin\camera.cpp(54): warning C4244: '+=': conversion from 'double' to 'float', possible loss of data
c:\users\razor\desktop\mario-ozawa-game - copy\aladdin\camera.cpp(55): warning C4244: '+=': conversion from 'double' to 'float', possible loss of data
c:\users\razor\desktop\mario-ozawa-game - copy\aladdin\camera.cpp(57): warning C4244: '+=': conversion from 'double' to 'float', possible loss of data
c:\users\razor\desktop\mario-ozawa-game - copy\aladdin\camera.cpp(58): warning C4244: '+=': conversion from 'double' to 'float', possible loss of data
c:\users\razor\desktop\mario-ozawa-game - copy\aladdin\camera.cpp(70): warning C4244: 'argument': conversion from 'int' to 'float', possible loss of data
c:\users\razor\desktop\mario-ozawa-game - copy\aladdin\camera.cpp(82): warning C4244: 'argument': conversion from 'int' to 'float', possible loss of data
c:\users\razor\desktop\mario-ozawa-game - copy\aladdin\camera.cpp(100): warning C4244: '=': conversion from 'int' to 'float', possible loss of data
c:\users\razor\desktop\mario-ozawa-game - copy\aladdin\camera.cpp(110): warning C4244: '=': conversion from 'int' to 'float', possible loss of data
  BackgroundManager.cpp
  c:\users\razor\desktop\mario-ozawa-game - copy\include\dinput.h: DIRECTINPUT_VERSION undefined. Defaulting to version 0x0800
c:\users\razor\desktop\mario-ozawa-game - copy\aladdin\texture.h(49): warning C4838: conversion from 'UINT' to 'LONG' requires a narrowing conversion
c:\users\razor\desktop\mario-ozawa-game - copy\aladdin\backgroundmanager.cpp(45): warning C4996: 'sprintf': This function or variable may be unsafe. Consider using sprintf_s instead. To disable deprecation, use _CRT_SECURE_NO_WARNINGS. See online help for details.
  c:\program files (x86)\windows kits\10\include\10.0.10240.0\ucrt\stdio.h(1769): note: see declaration of 'sprintf'
c:\users\razor\desktop\mario-ozawa-game - copy\aladdin\backgroundmanager.cpp(57): warning C4244: 'initializing': conversion from 'float' to 'int', possible loss of data
c:\users\razor\desktop\mario-ozawa-game - copy\aladdin\backgroundmanager.cpp(59): warning C4244: 'initializing': conversion from 'float' to 'int', possible loss of data
c:\users\razor\desktop\mario-ozawa-game - copy\aladdin\backgroundmanager.cpp(62): warning C4244: 'initializing': conversion from 'float' to 'int', possible loss of data
c:\users\razor\desktop\mario-ozawa-game - copy\aladdin\backgroundmanager.cpp(64): warning C4244: 'initializing': conversion from 'float' to 'int', possible loss of data
  Generating Code...
  Aladdin.vcxproj -> C:\Users\Razor\Desktop\Mario-Ozawa-Game - Copy\Debug\Aladdin.exe
  Aladdin.vcxproj -> C:\Users\Razor\Desktop\Mario-Ozawa-Game - Copy\Debug\Aladdin.pdb (Full PDB)
