c:\users\razor\desktop\game\aladin\aladine\debug\vc140.pdb
c:\users\razor\desktop\game\aladin\aladine\debug\vc140.idb
c:\users\razor\desktop\game\aladin\aladine\debug\aladdin.obj
c:\users\razor\desktop\game\aladin\aladine\debug\backgroundmanager.obj
c:\users\razor\desktop\game\aladin\aladine\debug\camera.obj
c:\users\razor\desktop\game\aladin\aladine\debug\collisiondata.obj
c:\users\razor\desktop\game\aladin\aladine\debug\dsutil.obj
c:\users\razor\desktop\game\aladin\aladine\debug\game.obj
c:\users\razor\desktop\game\aladin\aladine\debug\global.obj
c:\users\razor\desktop\game\aladin\aladine\debug\main.obj
c:\users\razor\desktop\game\aladin\aladine\debug\maploader.obj
c:\users\razor\desktop\game\aladin\aladine\debug\myobject.obj
c:\users\razor\desktop\game\aladin\aladine\debug\quadtree.obj
c:\users\razor\desktop\game\aladin\aladine\debug\quadtreenode.obj
c:\users\razor\desktop\game\aladin\aladine\debug\rect.obj
c:\users\razor\desktop\game\aladin\aladine\debug\resourcemanager.obj
c:\users\razor\desktop\game\aladin\aladine\debug\sounddev.obj
c:\users\razor\desktop\game\aladin\aladine\debug\soundmanager.obj
c:\users\razor\desktop\game\aladin\aladine\debug\sprite.obj
c:\users\razor\desktop\game\aladin\aladine\debug\tilemap.obj
c:\users\razor\desktop\game\aladin\aladine\debug\aladdingame.obj
c:\users\razor\desktop\game\aladin\aladine\debug\listcollisiondata.obj
c:\users\razor\desktop\game\aladin\aladine\debug\gamesence.obj
c:\users\razor\desktop\game\aladin\aladine\debug\introsence.obj
c:\users\razor\desktop\game\aladin\aladine\debug\storysence.obj
c:\users\razor\desktop\game\aladin\aladine\debug\losegamesence.obj
c:\users\razor\desktop\game\aladin\aladine\debug\playsence.obj
c:\users\razor\desktop\game\aladin\aladine\debug\writer.obj
c:\users\razor\desktop\game\aladin\debug\aladine.ilk
c:\users\razor\desktop\game\aladin\debug\aladine.exe
c:\users\razor\desktop\game\aladin\debug\aladine.pdb
c:\users\razor\desktop\game\aladin\aladine\debug\aladine.tlog\cl.command.1.tlog
c:\users\razor\desktop\game\aladin\aladine\debug\aladine.tlog\cl.read.1.tlog
c:\users\razor\desktop\game\aladin\aladine\debug\aladine.tlog\cl.write.1.tlog
c:\users\razor\desktop\game\aladin\aladine\debug\aladine.tlog\link.command.1.tlog
c:\users\razor\desktop\game\aladin\aladine\debug\aladine.tlog\link.read.1.tlog
c:\users\razor\desktop\game\aladin\aladine\debug\aladine.tlog\link.write.1.tlog
